(gdb) bt
#0  call_end_observers (return_value=0x0, execute_data=0x5574df430000) at ./Zend/zend_observer.c:265
#1  zend_observer_fcall_end_all () at ./Zend/zend_observer.c:293
#2  0x00005574eae024d9 in php_request_shutdown (dummy=dummy@entry=0x0) at ./main/main.c:1849
#3  0x00005574eaf59ace in do_cli (argc=3, argv=0x5574f7a43520) at ./sapi/cli/php_cli.c:1136
#4  0x00005574eac959c6 in main (argc=3, argv=0x5574f7a43520) at ./sapi/cli/php_cli.c:1340
(gdb) bt full
#0  call_end_observers (return_value=0x0, execute_data=0x5574df430000) at ./Zend/zend_observer.c:265
        func = 0x23e0000000a
        handler = <optimized out>
        possible_handlers_end = <optimized out>
#1  zend_observer_fcall_end_all () at ./Zend/zend_observer.c:293
        execute_data = 0x5574df430000
        original_execute_data = 0x0
#2  0x00005574eae024d9 in php_request_shutdown (dummy=dummy@entry=0x0) at ./main/main.c:1849
        report_memleaks = true
#3  0x00005574eaf59ace in do_cli (argc=3, argv=0x5574f7a43520) at ./sapi/cli/php_cli.c:1136
        c = <optimized out>
        file_handle = {handle = {fp = 0x5574f7dda750, stream = {handle = 0x5574f7dda750, isatty = 0, reader = 0x5574eaee66f0 <zend_stream_stdio_reader>, fsizer = 0x5574eaee6620 <zend_stream_stdio_fsizer>, closer = 0x5574eaee66c0 <zend_stream_stdio_closer>}}, filename = 0x0, opened_path = 0x0, type = 2 '\002', primary_script = true, in_list = true,
          buf = 0x7f4480290000 "#!/usr/bin/env php\n<?php\n\n/**\n * Proxy PHP file generated by Composer\n *\n * This file includes the referenced bin path (../phpunit/phpunit/phpunit)\n * using a stream wrapper to prevent the shebang fro"..., len = 3689}
        behavior = 1
        reflection_what = 0x0
        request_started = 1
        php_optarg = 0x0
        orig_optarg = 0x0
        php_optind = 2
        orig_optind = 1
        exec_direct = 0x0
        exec_run = 0x0
        exec_begin = 0x0
        exec_end = 0x0
        arg_free = <optimized out>
        arg_excp = <optimized out>
        script_file = 0x5574f7a43570 "vendor/bin/phpunit"
        translated_path = 0x5574f7aff700 "/home/easteregg/src/xdebug-soap/vendor/bin/phpunit"
        interactive = false
        param_error = <optimized out>
        hide_argv = false
        num_repeats = 1
        pid = 232682
#4  0x00005574eac959c6 in main (argc=3, argv=0x5574f7a43520) at ./sapi/cli/php_cli.c:1340
        __orig_bailout = 0x0
        __bailout = {{__jmpbuf = {0, -5091933386336329176, 0, 93960647017688, 139932234936320, 0, -1422405273540582872, -5091932773394767320}, __mask_was_saved = 0, __saved_mask = {__val = {39, 139932225968928, 139932224661304, 139932188684480, 93960859222032, 139932188684480, 139932224661304, 139932188684352, 93960859222688, 4607, 18446744073709550984, 7813586406938797358, 139932225968832, 4607, 18446744073709550984, 7813586406938797358}}}}
        c = <optimized out>
        exit_status = 0
        module_started = 1
        sapi_started = 1
        php_optarg = 0x0
        php_optind = 1
        use_extended_info = 0
        ini_path_override = 0x0
        ini_builder = {value = 0x5574f7a437f0 "html_errors=0\nregister_argc_argv=1\nimplicit_flush=1\noutput_buffering=0\nmax_execution_time=0\nmax_input_time=-1\n", length = 110}
        ini_ignore = 0
        sapi_module = <optimized out>

